<?xml version="1.0" encoding="UTF-8"?>
<!-- Generated by org.testng.reporters.JUnitReportReporter -->
<testsuite hostname="DESKTOP-GTBGP27" failures="0" tests="1" name="Assingment.AssignmentBookFlightTest" time="62.251" errors="0" timestamp="2022-09-16T12:11:32 EDT" skipped="0">
  <testcase classname="Assingment.AssignmentBookFlightTest" name="bookFlightAssignment" time="62.251"/>
  <system-out/>
</testsuite> <!-- Assingment.AssignmentBookFlightTest -->
