<?xml version="1.0" encoding="UTF-8"?>
<!-- Generated by org.testng.reporters.JUnitReportReporter -->
<testsuite hostname="DESKTOP-FUG0H6V" failures="0" tests="1" name="Assingment.FetchMatchCardDetails" time="45.190" errors="0" timestamp="2022-09-12T11:49:03 IST" skipped="0">
  <testcase classname="Assingment.FetchMatchCardDetails" name="matchCardDetails" time="45.190"/>
  <system-out/>
</testsuite> <!-- Assingment.FetchMatchCardDetails -->
