<?xml version="1.0" encoding="UTF-8"?>
<!-- Generated by org.testng.reporters.JUnitReportReporter -->
<testsuite hostname="DESKTOP-FUG0H6V" failures="0" tests="1" name="Assingment.Assignment1" time="28.832" errors="0" timestamp="2022-08-26T16:24:25 IST" skipped="0">
  <testcase classname="Assingment.Assignment1" name="AppiumAssignment1" time="28.832"/>
  <system-out/>
</testsuite> <!-- Assingment.Assignment1 -->
