<?xml version="1.0" encoding="UTF-8"?>
<!-- Generated by org.testng.reporters.JUnitReportReporter -->
<testsuite hostname="DESKTOP-GTBGP27" failures="0" tests="1" name="Assingment.Assignment2" time="64.089" errors="0" timestamp="2022-09-16T11:21:41 EDT" skipped="0">
  <testcase classname="Assingment.Assignment2" name="AppiumAssignment" time="64.089"/>
  <system-out/>
</testsuite> <!-- Assingment.Assignment2 -->
